<?xml version="1.0" encoding="UTF-8"?>
<!-- Generated by org.testng.reporters.JUnitXMLReporter -->
<testsuite ignored="0" hostname="ubunturk" failures="6" tests="9" name="Command line test" time="234.642" errors="0" timestamp="02 Apr 2019 17:04:46 GMT">
  <testcase classname="cucumber.api.testng.AbstractTestNGCucumberTests" name="runScenario" time="31.837">
    <failure type="org.junit.ComparisonFailure" message="expected:&amp;lt;En Trend [Ürünler Türkiye&amp;apos;nin Online Alışveriş] Sitesi Trendyol&amp;apos;da&amp;gt; but was:&amp;lt;En Trend [ÃœrÃ¼nler TÃ¼rkiye&amp;apos;nin Online AlÄ±ÅŸveriÅŸ] Sitesi Trendyol&amp;apos;da&amp;gt;">
      <![CDATA[org.junit.ComparisonFailure: expected:<En Trend [Ürünler Türkiye'nin Online Alışveriş] Sitesi Trendyol'da> but was:<En Trend [ÃœrÃ¼nler TÃ¼rkiye'nin Online AlÄ±ÅŸveriÅŸ] Sitesi Trendyol'da>
at org.junit.Assert.assertEquals(Assert.java:117)
at org.junit.Assert.assertEquals(Assert.java:146)
at steps.LoginSteps.navigateToHomePage(LoginSteps.java:37)
at ✽.Navigate to HomePage(file:src/test/java/features/Login.feature:5)
]]>
    </failure>
  </testcase> <!-- runScenario -->
  <testcase classname="cucumber.api.testng.AbstractTestNGCucumberTests" name="runScenario" time="61.775">
    <failure type="org.junit.ComparisonFailure" message="expected:&amp;lt;En Trend [Ürünler Türkiye&amp;apos;nin Online Alışveriş] Sitesi Trendyol&amp;apos;da&amp;gt; but was:&amp;lt;En Trend [ÃœrÃ¼nler TÃ¼rkiye&amp;apos;nin Online AlÄ±ÅŸveriÅŸ] Sitesi Trendyol&amp;apos;da&amp;gt;">
      <![CDATA[org.junit.ComparisonFailure: expected:<En Trend [Ürünler Türkiye'nin Online Alışveriş] Sitesi Trendyol'da> but was:<En Trend [ÃœrÃ¼nler TÃ¼rkiye'nin Online AlÄ±ÅŸveriÅŸ] Sitesi Trendyol'da>
at org.junit.Assert.assertEquals(Assert.java:117)
at org.junit.Assert.assertEquals(Assert.java:146)
at steps.LoginSteps.navigateToHomePage(LoginSteps.java:37)
at ✽.Navigate to HomePage(file:src/test/java/features/Login.feature:15)
]]>
    </failure>
  </testcase> <!-- runScenario -->
  <testcase classname="cucumber.api.testng.AbstractTestNGCucumberTests" name="runScenario" time="30.096">
    <failure type="org.junit.ComparisonFailure" message="expected:&amp;lt;En Trend [Ürünler Türkiye&amp;apos;nin Online Alışveriş] Sitesi Trendyol&amp;apos;da&amp;gt; but was:&amp;lt;En Trend [ÃœrÃ¼nler TÃ¼rkiye&amp;apos;nin Online AlÄ±ÅŸveriÅŸ] Sitesi Trendyol&amp;apos;da&amp;gt;">
      <![CDATA[org.junit.ComparisonFailure: expected:<En Trend [Ürünler Türkiye'nin Online Alışveriş] Sitesi Trendyol'da> but was:<En Trend [ÃœrÃ¼nler TÃ¼rkiye'nin Online AlÄ±ÅŸveriÅŸ] Sitesi Trendyol'da>
at org.junit.Assert.assertEquals(Assert.java:117)
at org.junit.Assert.assertEquals(Assert.java:146)
at steps.LoginSteps.navigateToHomePage(LoginSteps.java:37)
at ✽.Navigate to HomePage(file:src/test/java/features/Login.feature:15)
]]>
    </failure>
  </testcase> <!-- runScenario -->
  <testcase classname="cucumber.api.testng.AbstractTestNGCucumberTests" name="runScenario" time="26.52">
    <failure type="org.junit.ComparisonFailure" message="expected:&amp;lt;En Trend [Ürünler Türkiye&amp;apos;nin Online Alışveriş] Sitesi Trendyol&amp;apos;da&amp;gt; but was:&amp;lt;En Trend [ÃœrÃ¼nler TÃ¼rkiye&amp;apos;nin Online AlÄ±ÅŸveriÅŸ] Sitesi Trendyol&amp;apos;da&amp;gt;">
      <![CDATA[org.junit.ComparisonFailure: expected:<En Trend [Ürünler Türkiye'nin Online Alışveriş] Sitesi Trendyol'da> but was:<En Trend [ÃœrÃ¼nler TÃ¼rkiye'nin Online AlÄ±ÅŸveriÅŸ] Sitesi Trendyol'da>
at org.junit.Assert.assertEquals(Assert.java:117)
at org.junit.Assert.assertEquals(Assert.java:146)
at steps.LoginSteps.navigateToHomePage(LoginSteps.java:37)
at ✽.Navigate to HomePage(file:src/test/java/features/Login.feature:15)
]]>
    </failure>
  </testcase> <!-- runScenario -->
  <testcase classname="cucumber.api.testng.AbstractTestNGCucumberTests" name="runScenario" time="19.587">
    <failure type="org.junit.ComparisonFailure" message="expected:&amp;lt;En Trend [Ürünler Türkiye&amp;apos;nin Online Alışveriş] Sitesi Trendyol&amp;apos;da&amp;gt; but was:&amp;lt;En Trend [ÃœrÃ¼nler TÃ¼rkiye&amp;apos;nin Online AlÄ±ÅŸveriÅŸ] Sitesi Trendyol&amp;apos;da&amp;gt;">
      <![CDATA[org.junit.ComparisonFailure: expected:<En Trend [Ürünler Türkiye'nin Online Alışveriş] Sitesi Trendyol'da> but was:<En Trend [ÃœrÃ¼nler TÃ¼rkiye'nin Online AlÄ±ÅŸveriÅŸ] Sitesi Trendyol'da>
at org.junit.Assert.assertEquals(Assert.java:117)
at org.junit.Assert.assertEquals(Assert.java:146)
at steps.LoginSteps.navigateToHomePage(LoginSteps.java:37)
at ✽.Navigate to HomePage(file:src/test/java/features/Login.feature:15)
]]>
    </failure>
  </testcase> <!-- runScenario -->
  <testcase classname="cucumber.api.testng.AbstractTestNGCucumberTests" name="runScenario" time="11.62">
    <failure type="org.junit.ComparisonFailure" message="expected:&amp;lt;En Trend [Ürünler Türkiye&amp;apos;nin Online Alışveriş] Sitesi Trendyol&amp;apos;da&amp;gt; but was:&amp;lt;En Trend [ÃœrÃ¼nler TÃ¼rkiye&amp;apos;nin Online AlÄ±ÅŸveriÅŸ] Sitesi Trendyol&amp;apos;da&amp;gt;">
      <![CDATA[org.junit.ComparisonFailure: expected:<En Trend [Ürünler Türkiye'nin Online Alışveriş] Sitesi Trendyol'da> but was:<En Trend [ÃœrÃ¼nler TÃ¼rkiye'nin Online AlÄ±ÅŸveriÅŸ] Sitesi Trendyol'da>
at org.junit.Assert.assertEquals(Assert.java:117)
at org.junit.Assert.assertEquals(Assert.java:146)
at steps.LoginSteps.navigateToHomePage(LoginSteps.java:37)
at ✽.Navigate to HomePage(file:src/test/java/features/Login.feature:15)
]]>
    </failure>
  </testcase> <!-- runScenario -->
  <testcase classname="FirstTest" name="myTest" time="13.748"/>
  <testcase classname="SecondTest" name="myTest" time="10.515"/>
  <testcase classname="ThirdTest" name="myTest" time="5.747"/>
</testsuite> <!-- Command line test -->
