{"name":"Runs Cucumber Scenarios","status":"skipped","statusDetails":{"known":false,"muted":false,"flaky":false,"message":"java.lang.IllegalArgumentException: Not a file or directory: C:\\Users\\volka\\IdeaProjects\\justanothertestjob\\src\\test\\resources\\features","trace":"java.lang.RuntimeException: java.lang.IllegalArgumentException: Not a file or directory: C:\\Users\\volka\\IdeaProjects\\justanothertestjob\\src\\test\\resources\\features\r\n\tat org.testng.internal.MethodInvocationHelper.invokeMethodNoCheckedException(MethodInvocationHelper.java:49)\r\n\tat org.testng.internal.MethodInvocationHelper.invokeDataProvider(MethodInvocationHelper.java:131)\r\n\tat org.testng.internal.Parameters.handleParameters(Parameters.java:706)\r\n\tat org.testng.internal.ParameterHandler.handleParameters(ParameterHandler.java:49)\r\n\tat org.testng.internal.ParameterHandler.createParameters(ParameterHandler.java:37)\r\n\tat org.testng.internal.Invoker.invokeTestMethods(Invoker.java:924)\r\n\tat org.testng.internal.TestMethodWorker.invokeTestMethods(TestMethodWorker.java:125)\r\n\tat org.testng.internal.TestMethodWorker.run(TestMethodWorker.java:109)\r\n\tat org.testng.TestRunner.privateRun(TestRunner.java:648)\r\n\tat org.testng.TestRunner.run(TestRunner.java:505)\r\n\tat org.testng.SuiteRunner.runTest(SuiteRunner.java:455)\r\n\tat org.testng.SuiteRunner.runSequentially(SuiteRunner.java:450)\r\n\tat org.testng.SuiteRunner.privateRun(SuiteRunner.java:415)\r\n\tat org.testng.SuiteRunner.run(SuiteRunner.java:364)\r\n\tat org.testng.SuiteRunnerWorker.runSuite(SuiteRunnerWorker.java:52)\r\n\tat org.testng.SuiteRunnerWorker.run(SuiteRunnerWorker.java:84)\r\n\tat org.testng.TestNG.runSuitesSequentially(TestNG.java:1208)\r\n\tat org.testng.TestNG.runSuitesLocally(TestNG.java:1137)\r\n\tat org.testng.TestNG.runSuites(TestNG.java:1049)\r\n\tat org.testng.TestNG.run(TestNG.java:1017)\r\n\tat org.testng.IDEARemoteTestNG.run(IDEARemoteTestNG.java:73)\r\n\tat org.testng.RemoteTestNGStarter.main(RemoteTestNGStarter.java:123)\r\nCaused by: java.lang.IllegalArgumentException: Not a file or directory: C:\\Users\\volka\\IdeaProjects\\justanothertestjob\\src\\test\\resources\\features\r\n\tat cucumber.runtime.io.FileResourceIterator$FileIterator.<init>(FileResourceIterator.java:63)\r\n\tat cucumber.runtime.io.FileResourceIterator.<init>(FileResourceIterator.java:28)\r\n\tat cucumber.runtime.io.FileResourceIterator.createFileResourceIterator(FileResourceIterator.java:14)\r\n\tat cucumber.runtime.io.FileResourceIterable.iterator(FileResourceIterable.java:19)\r\n\tat cucumber.runtime.model.FeatureLoader.loadFromFeaturePath(FeatureLoader.java:44)\r\n\tat cucumber.runtime.model.FeatureLoader.load(FeatureLoader.java:36)\r\n\tat cucumber.runtime.model.FeatureLoader.load(FeatureLoader.java:22)\r\n\tat cucumber.runtime.FeaturePathFeatureSupplier.get(FeaturePathFeatureSupplier.java:23)\r\n\tat cucumber.api.testng.TestNGCucumberRunner.getFeatures(TestNGCucumberRunner.java:101)\r\n\tat cucumber.api.testng.TestNGCucumberRunner.provideScenarios(TestNGCucumberRunner.java:84)\r\n\tat cucumber.api.testng.AbstractTestNGCucumberTests.scenarios(AbstractTestNGCucumberTests.java:35)\r\n\tat java.base/jdk.internal.reflect.NativeMethodAccessorImpl.invoke0(Native Method)\r\n\tat java.base/jdk.internal.reflect.NativeMethodAccessorImpl.invoke(NativeMethodAccessorImpl.java:62)\r\n\tat java.base/jdk.internal.reflect.DelegatingMethodAccessorImpl.invoke(DelegatingMethodAccessorImpl.java:43)\r\n\tat java.base/java.lang.reflect.Method.invoke(Method.java:567)\r\n\tat org.testng.internal.MethodInvocationHelper.invokeMethod(MethodInvocationHelper.java:124)\r\n\tat org.testng.internal.MethodInvocationHelper.invokeMethod(MethodInvocationHelper.java:74)\r\n\tat org.testng.internal.MethodInvocationHelper.invokeMethodNoCheckedException(MethodInvocationHelper.java:45)\r\n\t... 21 more\r\n"},"stage":"finished","steps":[],"attachments":[],"parameters":[],"start":1554221505028,"stop":1554221505035,"uuid":"65a13fab-1cd3-4276-b08d-f4202f9e69c8","historyId":"9fa132b1f5e2d6043dfa7476c75e0b31","fullName":"cucumber.api.testng.AbstractTestNGCucumberTests.runScenario","labels":[{"name":"package","value":"CucumberBDD"},{"name":"testClass","value":"CucumberBDD"},{"name":"testMethod","value":"runScenario"},{"name":"parentSuite","value":"Default Suite"},{"name":"suite","value":"justanothertestjob"},{"name":"subSuite","value":"CucumberBDD"},{"name":"host","value":"ubunturk"},{"name":"thread","value":"17112@ubunturk.main(1)"}],"links":[]}