<?xml version="1.0" encoding="UTF-8" ?>
<testsuite tests="9" failures="6" name="TestSuite" time="211.373" errors="0" skipped="0">
  <properties>
    <property name="java.runtime.name" value="Java(TM) SE Runtime Environment"/>
    <property name="java.vm.version" value="12+33"/>
    <property name="sun.boot.library.path" value="C:\Program Files\Java\jdk-12\bin"/>
    <property name="maven.multiModuleProjectDirectory" value="C:\Users\volka\IdeaProjects\justanothertestjob"/>
    <property name="java.vm.vendor" value="Oracle Corporation"/>
    <property name="java.vendor.url" value="https://java.oracle.com/"/>
    <property name="guice.disable.misplaced.annotation.check" value="true"/>
    <property name="path.separator" value=";"/>
    <property name="java.vm.name" value="Java HotSpot(TM) 64-Bit Server VM"/>
    <property name="sun.os.patch.level" value=""/>
    <property name="user.script" value=""/>
    <property name="user.country" value="GB"/>
    <property name="sun.java.launcher" value="SUN_STANDARD"/>
    <property name="java.vm.specification.name" value="Java Virtual Machine Specification"/>
    <property name="user.dir" value="C:\Users\volka\IdeaProjects\justanothertestjob"/>
    <property name="java.vm.compressedOopsMode" value="Zero based"/>
    <property name="java.runtime.version" value="12+33"/>
    <property name="java.awt.graphicsenv" value="sun.awt.Win32GraphicsEnvironment"/>
    <property name="os.arch" value="amd64"/>
    <property name="java.io.tmpdir" value="C:\Users\volka\AppData\Local\Temp\"/>
    <property name="line.separator" value="
"/>
    <property name="java.vm.specification.vendor" value="Oracle Corporation"/>
    <property name="user.variant" value=""/>
    <property name="os.name" value="Windows 10"/>
    <property name="classworlds.conf" value="C:\tools\maven\bin\..\bin\m2.conf"/>
    <property name="sun.jnu.encoding" value="Cp1252"/>
    <property name="java.library.path" value="C:\Program Files\Java\jdk-12\bin;C:\Windows\Sun\Java\bin;C:\Windows\system32;C:\Windows;C:\ProgramData\DockerDesktop\version-bin;C:\Program Files\Docker\Docker\Resources\bin;C:\Program Files (x86)\Common Files\Oracle\Java\javapath;C:\Windows\system32;C:\Windows;C:\Windows\System32\Wbem;C:\Windows\System32\WindowsPowerShell\v1.0\;C:\Windows\System32\OpenSSH\;C:\ProgramData\chocolatey\bin;C:\tools\maven\bin;C:\Program Files\Git\cmd;C:\Program Files\Java\jdk-12\bin;%USERPROFILE%\AppData\Local\Microsoft\WindowsApps;C:\Users\volka\AppData\Local\Programs\Microsoft VS Code\bin;C:\Users\volka\AppData\Local\hyper\app-2.1.2\resources\bin;."/>
    <property name="maven.conf" value="C:\tools\maven\bin\../conf"/>
    <property name="jdk.debug" value="release"/>
    <property name="java.class.version" value="56.0"/>
    <property name="java.specification.name" value="Java Platform API Specification"/>
    <property name="sun.management.compiler" value="HotSpot 64-Bit Tiered Compilers"/>
    <property name="os.version" value="10.0"/>
    <property name="library.jansi.path" value="C:\tools\maven\bin\..\lib\jansi-native"/>
    <property name="user.home" value="C:\Users\volka"/>
    <property name="user.timezone" value="Europe/Istanbul"/>
    <property name="file.encoding" value="Cp1252"/>
    <property name="java.specification.version" value="12"/>
    <property name="user.name" value="volka"/>
    <property name="java.class.path" value="C:\tools\maven\bin\..\boot\plexus-classworlds-2.5.2.jar"/>
    <property name="java.vm.specification.version" value="12"/>
    <property name="sun.arch.data.model" value="64"/>
    <property name="sun.java.command" value="org.codehaus.plexus.classworlds.launcher.Launcher test"/>
    <property name="java.home" value="C:\Program Files\Java\jdk-12"/>
    <property name="user.language" value="en"/>
    <property name="java.specification.vendor" value="Oracle Corporation"/>
    <property name="awt.toolkit" value="sun.awt.windows.WToolkit"/>
    <property name="java.vm.info" value="mixed mode, sharing"/>
    <property name="java.version" value="12"/>
    <property name="java.vendor" value="Oracle Corporation"/>
    <property name="sun.stderr.encoding" value="cp850"/>
    <property name="maven.home" value="C:\tools\maven\bin\.."/>
    <property name="file.separator" value="\"/>
    <property name="java.version.date" value="2019-03-19"/>
    <property name="java.vendor.url.bug" value="https://bugreport.java.com/bugreport/"/>
    <property name="sun.io.unicode.encoding" value="UnicodeLittle"/>
    <property name="sun.cpu.endian" value="little"/>
    <property name="sun.stdout.encoding" value="cp850"/>
    <property name="sun.desktop" value="windows"/>
    <property name="sun.cpu.isalist" value="amd64"/>
  </properties>
  <testcase classname="CucumberTest" name="runScenario" time="31.844">
    <failure message="expected:&lt;En Trend [Ürünler Türkiye&apos;nin Online Alışveriş] Sitesi Trendyol&apos;da&gt; but was:&lt;En Trend [ÃœrÃ¼nler TÃ¼rkiye&apos;nin Online AlÄ±ÅŸveriÅŸ] Sitesi Trendyol&apos;da&gt;" type="org.junit.ComparisonFailure">org.junit.ComparisonFailure: expected:&lt;En Trend [Ürünler Türkiye&apos;nin Online Alışveriş] Sitesi Trendyol&apos;da&gt; but was:&lt;En Trend [ÃœrÃ¼nler TÃ¼rkiye&apos;nin Online AlÄ±ÅŸveriÅŸ] Sitesi Trendyol&apos;da&gt;
	at org.junit.Assert.assertEquals(Assert.java:117)
	at org.junit.Assert.assertEquals(Assert.java:146)
	at steps.LoginSteps.navigateToHomePage(LoginSteps.java:37)
	at ✽.Navigate to HomePage(file:src/test/java/features/Login.feature:5)
</failure>
    <system-out>Configuring TestNG with: org.apache.maven.surefire.testng.conf.TestNG652Configurator@28864e92
&amp;#27;[31mF&amp;#27;[0m&amp;#27;[36m-&amp;#27;[0m&amp;#27;[36m-&amp;#27;[0m&amp;#27;[36m-&amp;#27;[0m&amp;#27;[36m-&amp;#27;[0m&amp;#27;[36m-&amp;#27;[0m</system-out>
    <system-err>Apr 02, 2019 8:00:52 PM org.openqa.selenium.remote.DesiredCapabilities chrome
INFO: Using `new ChromeOptions()` is preferred to `DesiredCapabilities.chrome()`
Apr 02, 2019 8:00:55 PM org.openqa.selenium.remote.ProtocolHandshake createSession
INFO: Detected dialect: OSS
Apr 02, 2019 8:01:00 PM org.openqa.selenium.remote.DesiredCapabilities chrome
INFO: Using `new ChromeOptions()` is preferred to `DesiredCapabilities.chrome()`
Apr 02, 2019 8:01:03 PM org.openqa.selenium.remote.ProtocolHandshake createSession
INFO: Detected dialect: OSS
Apr 02, 2019 8:01:06 PM org.openqa.selenium.remote.DesiredCapabilities chrome
INFO: Using `new ChromeOptions()` is preferred to `DesiredCapabilities.chrome()`
Apr 02, 2019 8:01:08 PM org.openqa.selenium.remote.ProtocolHandshake createSession
INFO: Detected dialect: OSS
Apr 02, 2019 8:01:13 PM org.openqa.selenium.remote.DesiredCapabilities chrome
INFO: Using `new ChromeOptions()` is preferred to `DesiredCapabilities.chrome()`
Apr 02, 2019 8:01:32 PM org.openqa.selenium.remote.ProtocolHandshake createSession
INFO: Detected dialect: OSS
</system-err>
  </testcase>
  <testcase classname="CucumberTest" name="runScenario" time="61.775">
    <failure message="expected:&lt;En Trend [Ürünler Türkiye&apos;nin Online Alışveriş] Sitesi Trendyol&apos;da&gt; but was:&lt;En Trend [ÃœrÃ¼nler TÃ¼rkiye&apos;nin Online AlÄ±ÅŸveriÅŸ] Sitesi Trendyol&apos;da&gt;" type="org.junit.ComparisonFailure">org.junit.ComparisonFailure: expected:&lt;En Trend [Ürünler Türkiye&apos;nin Online Alışveriş] Sitesi Trendyol&apos;da&gt; but was:&lt;En Trend [ÃœrÃ¼nler TÃ¼rkiye&apos;nin Online AlÄ±ÅŸveriÅŸ] Sitesi Trendyol&apos;da&gt;
	at org.junit.Assert.assertEquals(Assert.java:117)
	at org.junit.Assert.assertEquals(Assert.java:146)
	at steps.LoginSteps.navigateToHomePage(LoginSteps.java:37)
	at ✽.Navigate to HomePage(file:src/test/java/features/Login.feature:15)
</failure>
    <system-out>&amp;#27;[31mF&amp;#27;[0m&amp;#27;[36m-&amp;#27;[0m&amp;#27;[36m-&amp;#27;[0m&amp;#27;[36m-&amp;#27;[0m&amp;#27;[36m-&amp;#27;[0m&amp;#27;[36m-&amp;#27;[0m&amp;#27;[36m-&amp;#27;[0m</system-out>
    <system-err>Apr 02, 2019 8:01:45 PM org.openqa.selenium.remote.DesiredCapabilities chrome
INFO: Using `new ChromeOptions()` is preferred to `DesiredCapabilities.chrome()`
Apr 02, 2019 8:02:23 PM org.openqa.selenium.remote.ProtocolHandshake createSession
INFO: Detected dialect: OSS
</system-err>
  </testcase>
  <testcase classname="CucumberTest" name="runScenario" time="30.097">
    <failure message="expected:&lt;En Trend [Ürünler Türkiye&apos;nin Online Alışveriş] Sitesi Trendyol&apos;da&gt; but was:&lt;En Trend [ÃœrÃ¼nler TÃ¼rkiye&apos;nin Online AlÄ±ÅŸveriÅŸ] Sitesi Trendyol&apos;da&gt;" type="org.junit.ComparisonFailure">org.junit.ComparisonFailure: expected:&lt;En Trend [Ürünler Türkiye&apos;nin Online Alışveriş] Sitesi Trendyol&apos;da&gt; but was:&lt;En Trend [ÃœrÃ¼nler TÃ¼rkiye&apos;nin Online AlÄ±ÅŸveriÅŸ] Sitesi Trendyol&apos;da&gt;
	at org.junit.Assert.assertEquals(Assert.java:117)
	at org.junit.Assert.assertEquals(Assert.java:146)
	at steps.LoginSteps.navigateToHomePage(LoginSteps.java:37)
	at ✽.Navigate to HomePage(file:src/test/java/features/Login.feature:15)
</failure>
    <system-out>&amp;#27;[31mF&amp;#27;[0m&amp;#27;[36m-&amp;#27;[0m&amp;#27;[36m-&amp;#27;[0m&amp;#27;[36m-&amp;#27;[0m&amp;#27;[36m-&amp;#27;[0m&amp;#27;[36m-&amp;#27;[0m&amp;#27;[36m-&amp;#27;[0m</system-out>
    <system-err>Apr 02, 2019 8:02:47 PM org.openqa.selenium.remote.DesiredCapabilities chrome
INFO: Using `new ChromeOptions()` is preferred to `DesiredCapabilities.chrome()`
Apr 02, 2019 8:03:07 PM org.openqa.selenium.remote.ProtocolHandshake createSession
INFO: Detected dialect: OSS
</system-err>
  </testcase>
  <testcase classname="CucumberTest" name="runScenario" time="26.521">
    <failure message="expected:&lt;En Trend [Ürünler Türkiye&apos;nin Online Alışveriş] Sitesi Trendyol&apos;da&gt; but was:&lt;En Trend [ÃœrÃ¼nler TÃ¼rkiye&apos;nin Online AlÄ±ÅŸveriÅŸ] Sitesi Trendyol&apos;da&gt;" type="org.junit.ComparisonFailure">org.junit.ComparisonFailure: expected:&lt;En Trend [Ürünler Türkiye&apos;nin Online Alışveriş] Sitesi Trendyol&apos;da&gt; but was:&lt;En Trend [ÃœrÃ¼nler TÃ¼rkiye&apos;nin Online AlÄ±ÅŸveriÅŸ] Sitesi Trendyol&apos;da&gt;
	at org.junit.Assert.assertEquals(Assert.java:117)
	at org.junit.Assert.assertEquals(Assert.java:146)
	at steps.LoginSteps.navigateToHomePage(LoginSteps.java:37)
	at ✽.Navigate to HomePage(file:src/test/java/features/Login.feature:15)
</failure>
    <system-out>&amp;#27;[31mF&amp;#27;[0m&amp;#27;[36m-&amp;#27;[0m&amp;#27;[36m-&amp;#27;[0m&amp;#27;[36m-&amp;#27;[0m&amp;#27;[36m-&amp;#27;[0m&amp;#27;[36m-&amp;#27;[0m&amp;#27;[36m-&amp;#27;[0m</system-out>
    <system-err>Apr 02, 2019 8:03:17 PM org.openqa.selenium.remote.DesiredCapabilities chrome
INFO: Using `new ChromeOptions()` is preferred to `DesiredCapabilities.chrome()`
Apr 02, 2019 8:03:35 PM org.openqa.selenium.remote.ProtocolHandshake createSession
INFO: Detected dialect: OSS
</system-err>
  </testcase>
  <testcase classname="CucumberTest" name="runScenario" time="19.589">
    <failure message="expected:&lt;En Trend [Ürünler Türkiye&apos;nin Online Alışveriş] Sitesi Trendyol&apos;da&gt; but was:&lt;En Trend [ÃœrÃ¼nler TÃ¼rkiye&apos;nin Online AlÄ±ÅŸveriÅŸ] Sitesi Trendyol&apos;da&gt;" type="org.junit.ComparisonFailure">org.junit.ComparisonFailure: expected:&lt;En Trend [Ürünler Türkiye&apos;nin Online Alışveriş] Sitesi Trendyol&apos;da&gt; but was:&lt;En Trend [ÃœrÃ¼nler TÃ¼rkiye&apos;nin Online AlÄ±ÅŸveriÅŸ] Sitesi Trendyol&apos;da&gt;
	at org.junit.Assert.assertEquals(Assert.java:117)
	at org.junit.Assert.assertEquals(Assert.java:146)
	at steps.LoginSteps.navigateToHomePage(LoginSteps.java:37)
	at ✽.Navigate to HomePage(file:src/test/java/features/Login.feature:15)
</failure>
    <system-out>&amp;#27;[31mF&amp;#27;[0m&amp;#27;[36m-&amp;#27;[0m&amp;#27;[36m-&amp;#27;[0m&amp;#27;[36m-&amp;#27;[0m&amp;#27;[36m-&amp;#27;[0m&amp;#27;[36m-&amp;#27;[0m&amp;#27;[36m-&amp;#27;[0m</system-out>
    <system-err>Apr 02, 2019 8:03:43 PM org.openqa.selenium.remote.DesiredCapabilities chrome
INFO: Using `new ChromeOptions()` is preferred to `DesiredCapabilities.chrome()`
Apr 02, 2019 8:03:56 PM org.openqa.selenium.remote.ProtocolHandshake createSession
INFO: Detected dialect: OSS
</system-err>
  </testcase>
  <testcase classname="CucumberTest" name="runScenario" time="11.623">
    <failure message="expected:&lt;En Trend [Ürünler Türkiye&apos;nin Online Alışveriş] Sitesi Trendyol&apos;da&gt; but was:&lt;En Trend [ÃœrÃ¼nler TÃ¼rkiye&apos;nin Online AlÄ±ÅŸveriÅŸ] Sitesi Trendyol&apos;da&gt;" type="org.junit.ComparisonFailure">org.junit.ComparisonFailure: expected:&lt;En Trend [Ürünler Türkiye&apos;nin Online Alışveriş] Sitesi Trendyol&apos;da&gt; but was:&lt;En Trend [ÃœrÃ¼nler TÃ¼rkiye&apos;nin Online AlÄ±ÅŸveriÅŸ] Sitesi Trendyol&apos;da&gt;
	at org.junit.Assert.assertEquals(Assert.java:117)
	at org.junit.Assert.assertEquals(Assert.java:146)
	at steps.LoginSteps.navigateToHomePage(LoginSteps.java:37)
	at ✽.Navigate to HomePage(file:src/test/java/features/Login.feature:15)
</failure>
    <system-out>&amp;#27;[31mF&amp;#27;[0m&amp;#27;[36m-&amp;#27;[0m&amp;#27;[36m-&amp;#27;[0m&amp;#27;[36m-&amp;#27;[0m&amp;#27;[36m-&amp;#27;[0m&amp;#27;[36m-&amp;#27;[0m&amp;#27;[36m-&amp;#27;[0m</system-out>
    <system-err>Apr 02, 2019 8:04:03 PM org.openqa.selenium.remote.DesiredCapabilities chrome
INFO: Using `new ChromeOptions()` is preferred to `DesiredCapabilities.chrome()`
Apr 02, 2019 8:04:08 PM org.openqa.selenium.remote.ProtocolHandshake createSession
INFO: Detected dialect: OSS
</system-err>
  </testcase>
  <testcase classname="FirstTest" name="myTest" time="13.661"/>
  <testcase classname="SecondTest" name="myTest" time="10.515"/>
  <testcase classname="ThirdTest" name="myTest" time="5.748"/>
</testsuite>