<?xml version="1.0" encoding="UTF-8"?>
<!-- Generated by org.testng.reporters.JUnitReportReporter -->
<testsuite hostname="ubunturk" failures="6" tests="6" name="CucumberTest" time="181.435" errors="0" timestamp="02 Apr 2019 17:04:47 GMT" skipped="0">
  <testcase classname="CucumberTest" name="runScenario" time="30.096">
    <failure message="expected:&lt;En Trend [Ürünler Türkiye&#039;nin Online Alışveriş] Sitesi Trendyol&#039;da&gt; but was:&lt;En Trend [ÃœrÃ¼nler TÃ¼rkiye&#039;nin Online AlÄ±ÅŸveriÅŸ] Sitesi Trendyol&#039;da&gt;" type="org.junit.ComparisonFailure">
      <![CDATA[org.junit.ComparisonFailure: expected:<En Trend [Ürünler Türkiye'nin Online Alışveriş] Sitesi Trendyol'da> but was:<En Trend [ÃœrÃ¼nler TÃ¼rkiye'nin Online AlÄ±ÅŸveriÅŸ] Sitesi Trendyol'da>
at org.junit.Assert.assertEquals(Assert.java:117)
at org.junit.Assert.assertEquals(Assert.java:146)
at steps.LoginSteps.navigateToHomePage(LoginSteps.java:37)
at ✽.Navigate to HomePage(file:src/test/java/features/Login.feature:15)
]]>
    </failure>
  </testcase> <!-- runScenario -->
  <testcase classname="CucumberTest" name="runScenario" time="19.587">
    <failure message="expected:&lt;En Trend [Ürünler Türkiye&#039;nin Online Alışveriş] Sitesi Trendyol&#039;da&gt; but was:&lt;En Trend [ÃœrÃ¼nler TÃ¼rkiye&#039;nin Online AlÄ±ÅŸveriÅŸ] Sitesi Trendyol&#039;da&gt;" type="org.junit.ComparisonFailure">
      <![CDATA[org.junit.ComparisonFailure: expected:<En Trend [Ürünler Türkiye'nin Online Alışveriş] Sitesi Trendyol'da> but was:<En Trend [ÃœrÃ¼nler TÃ¼rkiye'nin Online AlÄ±ÅŸveriÅŸ] Sitesi Trendyol'da>
at org.junit.Assert.assertEquals(Assert.java:117)
at org.junit.Assert.assertEquals(Assert.java:146)
at steps.LoginSteps.navigateToHomePage(LoginSteps.java:37)
at ✽.Navigate to HomePage(file:src/test/java/features/Login.feature:15)
]]>
    </failure>
  </testcase> <!-- runScenario -->
  <testcase classname="CucumberTest" name="runScenario" time="26.520">
    <failure message="expected:&lt;En Trend [Ürünler Türkiye&#039;nin Online Alışveriş] Sitesi Trendyol&#039;da&gt; but was:&lt;En Trend [ÃœrÃ¼nler TÃ¼rkiye&#039;nin Online AlÄ±ÅŸveriÅŸ] Sitesi Trendyol&#039;da&gt;" type="org.junit.ComparisonFailure">
      <![CDATA[org.junit.ComparisonFailure: expected:<En Trend [Ürünler Türkiye'nin Online Alışveriş] Sitesi Trendyol'da> but was:<En Trend [ÃœrÃ¼nler TÃ¼rkiye'nin Online AlÄ±ÅŸveriÅŸ] Sitesi Trendyol'da>
at org.junit.Assert.assertEquals(Assert.java:117)
at org.junit.Assert.assertEquals(Assert.java:146)
at steps.LoginSteps.navigateToHomePage(LoginSteps.java:37)
at ✽.Navigate to HomePage(file:src/test/java/features/Login.feature:15)
]]>
    </failure>
  </testcase> <!-- runScenario -->
  <testcase classname="CucumberTest" name="runScenario" time="61.775">
    <failure message="expected:&lt;En Trend [Ürünler Türkiye&#039;nin Online Alışveriş] Sitesi Trendyol&#039;da&gt; but was:&lt;En Trend [ÃœrÃ¼nler TÃ¼rkiye&#039;nin Online AlÄ±ÅŸveriÅŸ] Sitesi Trendyol&#039;da&gt;" type="org.junit.ComparisonFailure">
      <![CDATA[org.junit.ComparisonFailure: expected:<En Trend [Ürünler Türkiye'nin Online Alışveriş] Sitesi Trendyol'da> but was:<En Trend [ÃœrÃ¼nler TÃ¼rkiye'nin Online AlÄ±ÅŸveriÅŸ] Sitesi Trendyol'da>
at org.junit.Assert.assertEquals(Assert.java:117)
at org.junit.Assert.assertEquals(Assert.java:146)
at steps.LoginSteps.navigateToHomePage(LoginSteps.java:37)
at ✽.Navigate to HomePage(file:src/test/java/features/Login.feature:15)
]]>
    </failure>
  </testcase> <!-- runScenario -->
  <testcase classname="CucumberTest" name="runScenario" time="31.837">
    <failure message="expected:&lt;En Trend [Ürünler Türkiye&#039;nin Online Alışveriş] Sitesi Trendyol&#039;da&gt; but was:&lt;En Trend [ÃœrÃ¼nler TÃ¼rkiye&#039;nin Online AlÄ±ÅŸveriÅŸ] Sitesi Trendyol&#039;da&gt;" type="org.junit.ComparisonFailure">
      <![CDATA[org.junit.ComparisonFailure: expected:<En Trend [Ürünler Türkiye'nin Online Alışveriş] Sitesi Trendyol'da> but was:<En Trend [ÃœrÃ¼nler TÃ¼rkiye'nin Online AlÄ±ÅŸveriÅŸ] Sitesi Trendyol'da>
at org.junit.Assert.assertEquals(Assert.java:117)
at org.junit.Assert.assertEquals(Assert.java:146)
at steps.LoginSteps.navigateToHomePage(LoginSteps.java:37)
at ✽.Navigate to HomePage(file:src/test/java/features/Login.feature:5)
]]>
    </failure>
  </testcase> <!-- runScenario -->
  <testcase classname="CucumberTest" name="runScenario" time="11.620">
    <failure message="expected:&lt;En Trend [Ürünler Türkiye&#039;nin Online Alışveriş] Sitesi Trendyol&#039;da&gt; but was:&lt;En Trend [ÃœrÃ¼nler TÃ¼rkiye&#039;nin Online AlÄ±ÅŸveriÅŸ] Sitesi Trendyol&#039;da&gt;" type="org.junit.ComparisonFailure">
      <![CDATA[org.junit.ComparisonFailure: expected:<En Trend [Ürünler Türkiye'nin Online Alışveriş] Sitesi Trendyol'da> but was:<En Trend [ÃœrÃ¼nler TÃ¼rkiye'nin Online AlÄ±ÅŸveriÅŸ] Sitesi Trendyol'da>
at org.junit.Assert.assertEquals(Assert.java:117)
at org.junit.Assert.assertEquals(Assert.java:146)
at steps.LoginSteps.navigateToHomePage(LoginSteps.java:37)
at ✽.Navigate to HomePage(file:src/test/java/features/Login.feature:15)
]]>
    </failure>
  </testcase> <!-- runScenario -->
</testsuite> <!-- CucumberTest -->
